<?xml version="1.0" encoding="UTF-8"?>
<!-- Generated by org.testng.reporters.JUnitXMLReporter -->
<testsuite ignored="0" hostname="LAPTOP-DF3JNP2O" failures="0" tests="6" name="Default test" time="0.635" errors="0" timestamp="2021-04-26T19:47:06 IST">
  <testcase classname="pro.Demo" name="integrationTest" time="0.007"/>
  <testcase classname="pro.Demo" name="integrationTest" time="0.001"/>
  <testcase classname="pro.Demo" name="integrationTest" time="0.002"/>
  <testcase classname="pro.Demo" name="integrationTest" time="0.0"/>
  <testcase classname="pro.Demo" name="integrationTest" time="0.001"/>
  <testcase classname="pro.Demo" name="integrationTest" time="0.001"/>
</testsuite> <!-- Default test -->
